<?xml version="1.0" encoding="UTF-8"?>
<!-- Generated by org.testng.reporters.JUnitReportReporter -->
<testsuite skipped="0" hostname="0429535-9RNLK72" name="com.Module11CaseStudy.testcases.UploadPhotoTest" tests="1" failures="0" timestamp="2019-09-27T16:56:13 CAT" time="26.444" errors="0">
  <testcase name="uploadPhotoTest" time="26.444" classname="com.Module11CaseStudy.testcases.UploadPhotoTest"/>
</testsuite> <!-- com.Module11CaseStudy.testcases.UploadPhotoTest -->
